This is XeTeX, Version 3.141592653-2.6-0.999993 (TeX Live 2022/dev/Debian) (preloaded format=xelatex 2022.7.28)  3 MAY 2023 12:43
entering extended mode
 restricted \write18 enabled.
 %&-line parsing enabled.
**refman
(./refman.tex
LaTeX2e <2021-11-15> patch level 1
L3 programming layer <2022-01-21>
(/usr/share/texlive/texmf-dist/tex/latex/base/book.cls
Document Class: book 2021/10/04 v1.4n Standard LaTeX document class
(/usr/share/texlive/texmf-dist/tex/latex/base/bk10.clo
File: bk10.clo 2021/10/04 v1.4n Standard LaTeX file (size option)
)
\c@part=\count181
\c@chapter=\count182
\c@section=\count183
\c@subsection=\count184
\c@subsubsection=\count185
\c@paragraph=\count186
\c@subparagraph=\count187
\c@figure=\count188
\c@table=\count189
\abovecaptionskip=\skip47
\belowcaptionskip=\skip48
\bibindent=\dimen138
)
(/usr/share/texlive/texmf-dist/tex/latex/base/ifthen.sty
Package: ifthen 2020/11/24 v1.1c Standard LaTeX ifthen package (DPC)
)
(/usr/share/texlive/texmf-dist/tex/latex/tools/array.sty
Rollback for package 'array' requested -> date 2016-10-06.
         Best approximation is the release introduced on 2016-10-06.

(/usr/share/texlive/texmf-dist/tex/latex/tools/array-2016-10-06.sty
Package: array 2016/10/06 v2.4d Tabular extension package (FMi)
\col@sep=\dimen139
\extrarowheight=\dimen140
\NC@list=\toks16
\extratabsurround=\skip49
\backup@length=\skip50
))
(/usr/share/texlive/texmf-dist/tex/latex/base/fixltx2e.sty
Package: fixltx2e 2016/12/29 v2.1a fixes to LaTeX (obsolete)
Applying: [2015/01/01] Old fixltx2e package on input line 46.


Package fixltx2e Warning: fixltx2e is not required with releases after 2015
(fixltx2e)                All fixes are now in the LaTeX kernel.
(fixltx2e)                See the latexrelease package for details.

Already applied: [0000/00/00] Old fixltx2e package on input line 53.
) (./doxygen.sty
Package: doxygen 
 (/usr/share/texlive/texmf-dist/tex/latex/base/alltt.sty
Package: alltt 2021/01/29 v2.0g defines alltt environment
)
(/usr/share/texlive/texmf-dist/tex/latex/tools/calc.sty
Package: calc 2017/05/25 v4.3 Infix arithmetic (KKT,FJ)
\calc@Acount=\count190
\calc@Bcount=\count191
\calc@Adimen=\dimen141
\calc@Bdimen=\dimen142
\calc@Askip=\skip51
\calc@Bskip=\skip52
LaTeX Info: Redefining \setlength on input line 80.
LaTeX Info: Redefining \addtolength on input line 81.
\calc@Ccount=\count192
\calc@Cskip=\skip53
)
(/usr/share/texlive/texmf-dist/tex/latex/float/float.sty
Package: float 2001/11/08 v1.3d Float enhancements (AL)
\c@float@type=\count193
\float@exts=\toks17
\float@box=\box50
\@float@everytoks=\toks18
\@floatcapt=\box51
)
(/usr/share/texlive/texmf-dist/tex/latex/tools/verbatim.sty
Package: verbatim 2020-07-07 v1.5u LaTeX2e package for verbatim enhancements
\every@verbatim=\toks19
\verbatim@line=\toks20
\verbatim@in@stream=\read2
)
(/usr/share/texlive/texmf-dist/tex/latex/xcolor/xcolor.sty
Package: xcolor 2021/10/31 v2.13 LaTeX color extensions (UK)

(/usr/share/texlive/texmf-dist/tex/latex/graphics-cfg/color.cfg
File: color.cfg 2016/01/02 v1.6 sample color configuration
)
Package xcolor Info: Driver file: xetex.def on input line 227.

(/usr/share/texlive/texmf-dist/tex/latex/graphics-def/xetex.def
File: xetex.def 2021/03/18 v5.0k Graphics/color driver for xetex
)
(/usr/share/texlive/texmf-dist/tex/latex/colortbl/colortbl.sty
Package: colortbl 2020/01/04 v1.0e Color table columns (DPC)
\everycr=\toks21
\minrowclearance=\skip54
)
\rownum=\count194
Package xcolor Info: Model `cmy' substituted by `cmy0' on input line 1352.
Package xcolor Info: Model `RGB' extended on input line 1368.
Package xcolor Info: Model `HTML' substituted by `rgb' on input line 1370.
Package xcolor Info: Model `Hsb' substituted by `hsb' on input line 1371.
Package xcolor Info: Model `tHsb' substituted by `hsb' on input line 1372.
Package xcolor Info: Model `HSB' substituted by `hsb' on input line 1373.
Package xcolor Info: Model `Gray' substituted by `gray' on input line 1374.
Package xcolor Info: Model `wave' substituted by `hsb' on input line 1375.
)
(./longtable_doxygen.sty
Package: longtable_doxygen 2014/10/28 v4.11 Multi-page Table package (DPC) - fr
ozen version for doxygen
\LTleft=\skip55
\LTright=\skip56
\LTpre=\skip57
\LTpost=\skip58
\LTchunksize=\count195
\LTcapwidth=\dimen143
\LT@head=\box52
\LT@firsthead=\box53
\LT@foot=\box54
\LT@lastfoot=\box55
\LT@cols=\count196
\LT@rows=\count197
\c@LT@tables=\count198
\c@LT@chunks=\count199
\LT@p@ftn=\toks22
) (./tabu_doxygen.sty
Package: tabu_doxygen 2011/02/26 v2.8 - flexible LaTeX tabulars (FC), frozen ve
rsion for doxygen

(/usr/share/texlive/texmf-dist/tex/latex/varwidth/varwidth.sty
Package: varwidth 2009/03/30 ver 0.92;  Variable-width minipages
\@vwid@box=\box56
\sift@deathcycles=\count266
\@vwid@loff=\dimen144
\@vwid@roff=\dimen145
)
\c@taburow=\count267
\tabu@nbcols=\count268
\tabu@cnt=\count269
\tabu@Xcol=\count270
\tabu@alloc=\count271
\tabu@nested=\count272
\tabu@target=\dimen146
\tabu@spreadtarget=\dimen147
\tabu@naturalX=\dimen148
\tabucolX=\dimen149
\tabu@Xsum=\dimen150
\extrarowdepth=\dimen151
\abovetabulinesep=\dimen152
\belowtabulinesep=\dimen153
\tabustrutrule=\dimen154
\tabu@thebody=\toks23
\tabu@footnotes=\toks24
\tabu@box=\box57
\tabu@arstrutbox=\box58
\tabu@hleads=\box59
\tabu@vleads=\box60
\tabu@cellskip=\skip59
)
(/usr/share/texlive/texmf-dist/tex/latex/fancyvrb/fancyvrb.sty
Package: fancyvrb 2021/12/21 4.1b verbatim text (tvz,hv)

(/usr/share/texlive/texmf-dist/tex/latex/graphics/keyval.sty
Package: keyval 2014/10/28 v1.15 key=value parser (DPC)
\KV@toks@=\toks25
)
\FV@CodeLineNo=\count273
\FV@InFile=\read3
\FV@TabBox=\box61
\c@FancyVerbLine=\count274
\FV@StepNumber=\count275
\FV@OutFile=\write3
)
(/usr/share/texlive/texmf-dist/tex/latex/tools/tabularx.sty
Package: tabularx 2020/01/15 v2.11c `tabularx' package (DPC)
\TX@col@width=\dimen155
\TX@old@table=\dimen156
\TX@old@col=\dimen157
\TX@target=\dimen158
\TX@delta=\dimen159
\TX@cols=\count276
\TX@ftn=\toks26
)
(/usr/share/texlive/texmf-dist/tex/latex/tools/multicol.sty
Package: multicol 2021/10/28 v1.9b multicolumn formatting (FMi)
\c@tracingmulticols=\count277
\mult@box=\box62
\multicol@leftmargin=\dimen160
\c@unbalance=\count278
\c@collectmore=\count279
\doublecol@number=\count280
\multicoltolerance=\count281
\multicolpretolerance=\count282
\full@width=\dimen161
\page@free=\dimen162
\premulticols=\dimen163
\postmulticols=\dimen164
\multicolsep=\skip60
\multicolbaselineskip=\skip61
\partial@page=\box63
\last@line=\box64
\maxbalancingoverflow=\dimen165
\mult@rightbox=\box65
\mult@grightbox=\box66
\mult@firstbox=\box67
\mult@gfirstbox=\box68
\@tempa=\box69
\@tempa=\box70
\@tempa=\box71
\@tempa=\box72
\@tempa=\box73
\@tempa=\box74
\@tempa=\box75
\@tempa=\box76
\@tempa=\box77
\@tempa=\box78
\@tempa=\box79
\@tempa=\box80
\@tempa=\box81
\@tempa=\box82
\@tempa=\box83
\@tempa=\box84
\@tempa=\box85
\@tempa=\box86
\@tempa=\box87
\@tempa=\box88
\@tempa=\box89
\@tempa=\box90
\@tempa=\box91
\@tempa=\box92
\@tempa=\box93
\@tempa=\box94
\@tempa=\box95
\@tempa=\box96
\@tempa=\box97
\@tempa=\box98
\@tempa=\box99
\@tempa=\box100
\@tempa=\box101
\@tempa=\box102
\@tempa=\box103
\@tempa=\box104
\c@minrows=\count283
\c@columnbadness=\count284
\c@finalcolumnbadness=\count285
\last@try=\dimen166
\multicolovershoot=\dimen167
\multicolundershoot=\dimen168
\mult@nat@firstbox=\box105
\colbreak@box=\box106
\mc@col@check@num=\count286
)
(/usr/share/texlive/texmf-dist/tex/latex/multirow/multirow.sty
Package: multirow 2021/03/15 v2.8 Span multiple rows of a table
\multirow@colwidth=\skip62
\multirow@cntb=\count287
\multirow@dima=\skip63
\bigstrutjot=\dimen169
)
(/usr/share/texlive/texmf-dist/tex/latex/hanging/hanging.sty
Package: hanging 2009/09/02 v1.2b hanging paragraphs and punctuation
\h@ngcommawd=\skip64
\h@ngfstopwd=\skip65
\h@ngquotewd=\skip66
\h@ngdquotewd=\skip67
\h@ngquerywd=\skip68
\h@ngexclwd=\skip69
\h@ngcolonwd=\skip70
\h@ngscolonwd=\skip71
)
(/usr/share/texlive/texmf-dist/tex/generic/iftex/ifpdf.sty
Package: ifpdf 2019/10/25 v3.4 ifpdf legacy package. Use iftex instead.

(/usr/share/texlive/texmf-dist/tex/generic/iftex/iftex.sty
Package: iftex 2020/03/06 v1.0d TeX engine tests
))
(/usr/share/texlive/texmf-dist/tex/latex/adjustbox/adjustbox.sty
Package: adjustbox 2020/08/19 v1.3 Adjusting TeX boxes (trim, clip, ...)

(/usr/share/texlive/texmf-dist/tex/latex/xkeyval/xkeyval.sty
Package: xkeyval 2020/11/20 v2.8 package option processing (HA)

(/usr/share/texlive/texmf-dist/tex/generic/xkeyval/xkeyval.tex
(/usr/share/texlive/texmf-dist/tex/generic/xkeyval/xkvutils.tex
\XKV@toks=\toks27
\XKV@tempa@toks=\toks28
)
\XKV@depth=\count288
File: xkeyval.tex 2014/12/03 v2.7a key=value parser (HA)
))
(/usr/share/texlive/texmf-dist/tex/latex/adjustbox/adjcalc.sty
Package: adjcalc 2012/05/16 v1.1 Provides advanced setlength with multiple back
-ends (calc, etex, pgfmath)
)
(/usr/share/texlive/texmf-dist/tex/latex/adjustbox/trimclip.sty
Package: trimclip 2020/08/19 v1.2 Trim and clip general TeX material

(/usr/share/texlive/texmf-dist/tex/latex/graphics/graphicx.sty
Package: graphicx 2021/09/16 v1.2d Enhanced LaTeX Graphics (DPC,SPQR)

(/usr/share/texlive/texmf-dist/tex/latex/graphics/graphics.sty
Package: graphics 2021/03/04 v1.4d Standard LaTeX Graphics (DPC,SPQR)

(/usr/share/texlive/texmf-dist/tex/latex/graphics/trig.sty
Package: trig 2021/08/11 v1.11 sin cos tan (DPC)
)
(/usr/share/texlive/texmf-dist/tex/latex/graphics-cfg/graphics.cfg
File: graphics.cfg 2016/06/04 v1.11 sample graphics configuration
)
Package graphics Info: Driver file: xetex.def on input line 107.
)
\Gin@req@height=\dimen170
\Gin@req@width=\dimen171
)
(/usr/share/texlive/texmf-dist/tex/latex/collectbox/collectbox.sty
Package: collectbox 2012/05/17 v0.4b Collect macro arguments as boxes
\collectedbox=\box107
)
\tc@llx=\dimen172
\tc@lly=\dimen173
\tc@urx=\dimen174
\tc@ury=\dimen175
Package trimclip Info: Using driver 'tc-xetex.def'.

(/usr/share/texlive/texmf-dist/tex/latex/adjustbox/tc-xetex.def
File: tc-xetex.def 2019/01/04 v2.2 Clipping driver for xetex
))
\adjbox@Width=\dimen176
\adjbox@Height=\dimen177
\adjbox@Depth=\dimen178
\adjbox@Totalheight=\dimen179
\adjbox@pwidth=\dimen180
\adjbox@pheight=\dimen181
\adjbox@pdepth=\dimen182
\adjbox@ptotalheight=\dimen183

(/usr/share/texlive/texmf-dist/tex/latex/ifoddpage/ifoddpage.sty
Package: ifoddpage 2016/04/23 v1.1 Conditionals for odd/even page detection
\c@checkoddpage=\count289
))
(/usr/share/texlive/texmf-dist/tex/latex/amsfonts/amssymb.sty
Package: amssymb 2013/01/14 v3.01 AMS font symbols

(/usr/share/texlive/texmf-dist/tex/latex/amsfonts/amsfonts.sty
Package: amsfonts 2013/01/14 v3.01 Basic AMSFonts support
\@emptytoks=\toks29
\symAMSa=\mathgroup4
\symAMSb=\mathgroup5
LaTeX Font Info:    Redeclaring math symbol \hbar on input line 98.
LaTeX Font Info:    Overwriting math alphabet `\mathfrak' in version `bold'
(Font)                  U/euf/m/n --> U/euf/b/n on input line 106.
))
(/usr/share/texlive/texmf-dist/tex/latex/stackengine/stackengine.sty
Package: stackengine 2021/07/22 v4.11\ Stacking text and objects in convenient 
ways

(/usr/share/texlive/texmf-dist/tex/latex/etoolbox/etoolbox.sty
Package: etoolbox 2020/10/05 v2.5k e-TeX tools for LaTeX (JAW)
\etb@tempcnta=\count290
)
(/usr/share/texlive/texmf-dist/tex/generic/listofitems/listofitems.sty
(/usr/share/texlive/texmf-dist/tex/generic/listofitems/listofitems.tex
Invalid UTF-8 byte or sequence at line 50 replaced by U+FFFD.
Invalid UTF-8 byte or sequence at line 50 replaced by U+FFFD.
Invalid UTF-8 byte or sequence at line 52 replaced by U+FFFD.
Invalid UTF-8 byte or sequence at line 52 replaced by U+FFFD.
Invalid UTF-8 byte or sequence at line 52 replaced by U+FFFD.
Invalid UTF-8 byte or sequence at line 96 replaced by U+FFFD.
Invalid UTF-8 byte or sequence at line 96 replaced by U+FFFD.
Invalid UTF-8 byte or sequence at line 104 replaced by U+FFFD.
Invalid UTF-8 byte or sequence at line 105 replaced by U+FFFD.
\loi_cnt_foreach_nest=\count291
Invalid UTF-8 byte or sequence at line 139 replaced by U+FFFD.
Invalid UTF-8 byte or sequence at line 146 replaced by U+FFFD.
Invalid UTF-8 byte or sequence at line 192 replaced by U+FFFD.
Invalid UTF-8 byte or sequence at line 209 replaced by U+FFFD.
Invalid UTF-8 byte or sequence at line 209 replaced by U+FFFD.
Invalid UTF-8 byte or sequence at line 222 replaced by U+FFFD.
Invalid UTF-8 byte or sequence at line 222 replaced by U+FFFD.
Invalid UTF-8 byte or sequence at line 223 replaced by U+FFFD.
Invalid UTF-8 byte or sequence at line 223 replaced by U+FFFD.
Invalid UTF-8 byte or sequence at line 224 replaced by U+FFFD.
Invalid UTF-8 byte or sequence at line 226 replaced by U+FFFD.
Invalid UTF-8 byte or sequence at line 226 replaced by U+FFFD.
Invalid UTF-8 byte or sequence at line 238 replaced by U+FFFD.
Invalid UTF-8 byte or sequence at line 243 replaced by U+FFFD.
Invalid UTF-8 byte or sequence at line 243 replaced by U+FFFD.
Invalid UTF-8 byte or sequence at line 260 replaced by U+FFFD.
Invalid UTF-8 byte or sequence at line 284 replaced by U+FFFD.
Invalid UTF-8 byte or sequence at line 310 replaced by U+FFFD.
Invalid UTF-8 byte or sequence at line 310 replaced by U+FFFD.
Invalid UTF-8 byte or sequence at line 324 replaced by U+FFFD.
Invalid UTF-8 byte or sequence at line 337 replaced by U+FFFD.
Invalid UTF-8 byte or sequence at line 337 replaced by U+FFFD.
Invalid UTF-8 byte or sequence at line 339 replaced by U+FFFD.
Invalid UTF-8 byte or sequence at line 350 replaced by U+FFFD.
Invalid UTF-8 byte or sequence at line 350 replaced by U+FFFD.
Invalid UTF-8 byte or sequence at line 350 replaced by U+FFFD.
Invalid UTF-8 byte or sequence at line 354 replaced by U+FFFD.
\loi_nestcnt=\count292
Invalid UTF-8 byte or sequence at line 367 replaced by U+FFFD.
Invalid UTF-8 byte or sequence at line 367 replaced by U+FFFD.
Invalid UTF-8 byte or sequence at line 367 replaced by U+FFFD.
Invalid UTF-8 byte or sequence at line 367 replaced by U+FFFD.
Invalid UTF-8 byte or sequence at line 375 replaced by U+FFFD.
Invalid UTF-8 byte or sequence at line 375 replaced by U+FFFD.
Invalid UTF-8 byte or sequence at line 375 replaced by U+FFFD.
Invalid UTF-8 byte or sequence at line 375 replaced by U+FFFD.
Invalid UTF-8 byte or sequence at line 377 replaced by U+FFFD.
Invalid UTF-8 byte or sequence at line 378 replaced by U+FFFD.
Invalid UTF-8 byte or sequence at line 398 replaced by U+FFFD.
Invalid UTF-8 byte or sequence at line 398 replaced by U+FFFD.
Invalid UTF-8 byte or sequence at line 399 replaced by U+FFFD.
Invalid UTF-8 byte or sequence at line 399 replaced by U+FFFD.
Invalid UTF-8 byte or sequence at line 399 replaced by U+FFFD.
Invalid UTF-8 byte or sequence at line 399 replaced by U+FFFD.
Invalid UTF-8 byte or sequence at line 399 replaced by U+FFFD.
Invalid UTF-8 byte or sequence at line 399 replaced by U+FFFD.
Invalid UTF-8 byte or sequence at line 409 replaced by U+FFFD.
Invalid UTF-8 byte or sequence at line 410 replaced by U+FFFD.
Invalid UTF-8 byte or sequence at line 410 replaced by U+FFFD.
Invalid UTF-8 byte or sequence at line 410 replaced by U+FFFD.
Invalid UTF-8 byte or sequence at line 410 replaced by U+FFFD.
Invalid UTF-8 byte or sequence at line 411 replaced by U+FFFD.
Invalid UTF-8 byte or sequence at line 411 replaced by U+FFFD.
Invalid UTF-8 byte or sequence at line 411 replaced by U+FFFD.
Invalid UTF-8 byte or sequence at line 411 replaced by U+FFFD.
Invalid UTF-8 byte or sequence at line 411 replaced by U+FFFD.
Invalid UTF-8 byte or sequence at line 411 replaced by U+FFFD.
Invalid UTF-8 byte or sequence at line 414 replaced by U+FFFD.
Invalid UTF-8 byte or sequence at line 422 replaced by U+FFFD.
Invalid UTF-8 byte or sequence at line 422 replaced by U+FFFD.
Invalid UTF-8 byte or sequence at line 426 replaced by U+FFFD.
Invalid UTF-8 byte or sequence at line 428 replaced by U+FFFD.
Invalid UTF-8 byte or sequence at line 433 replaced by U+FFFD.
Invalid UTF-8 byte or sequence at line 433 replaced by U+FFFD.
Invalid UTF-8 byte or sequence at line 441 replaced by U+FFFD.
Invalid UTF-8 byte or sequence at line 441 replaced by U+FFFD.
Invalid UTF-8 byte or sequence at line 442 replaced by U+FFFD.
Invalid UTF-8 byte or sequence at line 443 replaced by U+FFFD.
Invalid UTF-8 byte or sequence at line 443 replaced by U+FFFD.
Invalid UTF-8 byte or sequence at line 443 replaced by U+FFFD.
Invalid UTF-8 byte or sequence at line 446 replaced by U+FFFD.
Invalid UTF-8 byte or sequence at line 446 replaced by U+FFFD.
Invalid UTF-8 byte or sequence at line 446 replaced by U+FFFD.
Invalid UTF-8 byte or sequence at line 448 replaced by U+FFFD.
Invalid UTF-8 byte or sequence at line 448 replaced by U+FFFD.
Invalid UTF-8 byte or sequence at line 451 replaced by U+FFFD.
Invalid UTF-8 byte or sequence at line 455 replaced by U+FFFD.
Invalid UTF-8 byte or sequence at line 455 replaced by U+FFFD.
Invalid UTF-8 byte or sequence at line 458 replaced by U+FFFD.
Invalid UTF-8 byte or sequence at line 458 replaced by U+FFFD.
Invalid UTF-8 byte or sequence at line 472 replaced by U+FFFD.
Invalid UTF-8 byte or sequence at line 475 replaced by U+FFFD.
Invalid UTF-8 byte or sequence at line 492 replaced by U+FFFD.
Invalid UTF-8 byte or sequence at line 508 replaced by U+FFFD.
Invalid UTF-8 byte or sequence at line 508 replaced by U+FFFD.
Invalid UTF-8 byte or sequence at line 509 replaced by U+FFFD.
Invalid UTF-8 byte or sequence at line 509 replaced by U+FFFD.
Invalid UTF-8 byte or sequence at line 519 replaced by U+FFFD.
Invalid UTF-8 byte or sequence at line 541 replaced by U+FFFD.
Invalid UTF-8 byte or sequence at line 541 replaced by U+FFFD.
)
Package: listofitems 2019/08/21 v1.63 Grab items in lists using user-specified 
sep char (CT)
)
\c@@stackindex=\count293
\@boxshift=\skip72
\stack@tmplength=\skip73
\temp@stkl=\skip74
\@stackedboxwidth=\skip75
\@addedbox=\box108
\@anchorbox=\box109
\@insetbox=\box110
\se@backgroundbox=\box111
\stackedbox=\box112
\@centerbox=\box113
\c@ROWcellindex@=\count294
)
(/usr/share/texlive/texmf-dist/tex/latex/enumitem/enumitem.sty
Package: enumitem 2019/06/20 v3.9 Customized lists
\labelindent=\skip76
\enit@outerparindent=\dimen184
\enit@toks=\toks30
\enit@inbox=\box114
\enit@count@id=\count295
\enitdp@description=\count296
)
(/usr/share/texlive/texmf-dist/tex/generic/alphalph/alphalph.sty
Package: alphalph 2019/12/09 v2.6 Convert numbers to letters (HO)

(/usr/share/texlive/texmf-dist/tex/generic/infwarerr/infwarerr.sty
Package: infwarerr 2019/12/03 v1.5 Providing info/warning/error messages (HO)
)
(/usr/share/texlive/texmf-dist/tex/generic/intcalc/intcalc.sty
Package: intcalc 2019/12/15 v1.3 Expandable calculations with integers (HO)
))
(/usr/share/texlive/texmf-dist/tex/generic/ulem/ulem.sty
\UL@box=\box115
\UL@hyphenbox=\box116
\UL@skip=\skip77
\UL@hook=\toks31
\UL@height=\dimen185
\UL@pe=\count297
\UL@pixel=\dimen186
\ULC@box=\box117
Package: ulem 2019/11/18
\ULdepth=\dimen187
)
\xrefbox=\box118
\xreflength=\skip78
\CodeWidthChar=\skip79
\CodeHeightChar=\skip80
\DoxyCodeWidth=\skip81
\c@DoxyEnumeratei=\count298
\c@DoxyEnumerateii=\count299
\c@DoxyEnumerateiii=\count300
\c@DoxyEnumerateiv=\count301
\c@DoxyEnumeratev=\count302
\c@DoxyEnumeratevi=\count303
\c@DoxyEnumeratevii=\count304
\c@DoxyEnumerateviii=\count305
\c@DoxyEnumerateix=\count306
\c@DoxyEnumeratex=\count307
\c@DoxyEnumeratexi=\count308
\c@DoxyEnumeratexii=\count309
\enitdp@DoxyEnumerate=\count310
\enitdp@DoxyItemize=\count311
)
(/usr/share/texlive/texmf-dist/tex/latex/base/inputenc.sty
Package: inputenc 2021/02/14 v1.3d Input encoding file
\inpenc@prehook=\toks32
\inpenc@posthook=\toks33


Package inputenc Warning: inputenc package ignored with utf8 based engines.

) (/usr/share/texlive/texmf-dist/tex/latex/base/makeidx.sty
Package: makeidx 2021/10/04 v1.0m Standard LaTeX package
)
(/usr/share/texlive/texmf-dist/tex/latex/base/textcomp.sty
Package: textcomp 2020/02/02 v2.0n Standard LaTeX package
)
(/usr/share/texlive/texmf-dist/tex/latex/wasysym/wasysym.sty
Package: wasysym 2020/01/19 v2.4 Wasy-2 symbol support package
\symwasy=\mathgroup6
LaTeX Font Info:    Overwriting symbol font `wasy' in version `bold'
(Font)                  U/wasy/m/n --> U/wasy/b/n on input line 93.
)
(/usr/share/texlive/texmf-dist/tex/generic/iftex/ifxetex.sty
Package: ifxetex 2019/10/25 v0.7 ifxetex legacy package. Use iftex instead.
)
(/usr/share/texlive/texmf-dist/tex/latex/base/fontenc.sty
Package: fontenc 2021/04/29 v2.0v Standard LaTeX package
LaTeX Font Info:    Trying to load font information for T1+lmr on input line 11
2.

(/usr/share/texmf/tex/latex/lm/t1lmr.fd
File: t1lmr.fd 2009/10/30 v1.6 Font defs for Latin Modern
))
(/usr/share/texlive/texmf-dist/tex/latex/psnfss/helvet.sty
Package: helvet 2020/03/25 PSNFSS-v9.3 (WaS) 
)
(/usr/share/texlive/texmf-dist/tex/latex/psnfss/courier.sty
Package: courier 2020/03/25 PSNFSS-v9.3 (WaS) 
)
(/usr/share/texlive/texmf-dist/tex/latex/sectsty/sectsty.sty
Package: sectsty 2002/02/25 v2.0.2 Commands to change all sectional heading sty
les


LaTeX Warning: Command \underbar  has changed.
               Check if current package is valid.


LaTeX Warning: Command \underline  has changed.
               Check if current package is valid.

) (/usr/share/texlive/texmf-dist/tex/latex/geometry/geometry.sty
Package: geometry 2020/01/02 v5.9 Page Geometry

(/usr/share/texlive/texmf-dist/tex/generic/iftex/ifvtex.sty
Package: ifvtex 2019/10/25 v1.7 ifvtex legacy package. Use iftex instead.
)
\Gm@cnth=\count312
\Gm@cntv=\count313
\c@Gm@tempcnt=\count314
\Gm@bindingoffset=\dimen188
\Gm@wd@mp=\dimen189
\Gm@odd@mp=\dimen190
\Gm@even@mp=\dimen191
\Gm@layoutwidth=\dimen192
\Gm@layoutheight=\dimen193
\Gm@layouthoffset=\dimen194
\Gm@layoutvoffset=\dimen195
\Gm@dimlist=\toks34
)
(/usr/share/texlive/texmf-dist/tex/latex/changepage/changepage.sty
Package: changepage 2009/10/20 v1.0c check page and change page layout
\c@cp@cntr=\count315
\cp@tempcnt=\count316
LaTeX Info: Redefining \checkoddpage on input line 59.
)
(/usr/share/texlive/texmf-dist/tex/latex/fancyhdr/fancyhdr.sty
Package: fancyhdr 2021/01/28 v4.0.1 Extensive control of page headers and foote
rs
\f@nch@headwidth=\skip82
\f@nch@O@elh=\skip83
\f@nch@O@erh=\skip84
\f@nch@O@olh=\skip85
\f@nch@O@orh=\skip86
\f@nch@O@elf=\skip87
\f@nch@O@erf=\skip88
\f@nch@O@olf=\skip89
\f@nch@O@orf=\skip90
)
(/usr/share/texlive/texmf-dist/tex/latex/natbib/natbib.sty
Package: natbib 2010/09/13 8.31b (PWD, AO)
\bibhang=\skip91
\bibsep=\skip92
LaTeX Info: Redefining \cite on input line 694.
\c@NAT@ctr=\count317
)
(/usr/share/texlive/texmf-dist/tex/latex/tocloft/tocloft.sty
Package: tocloft 2017/08/31 v2.3i parameterised ToC, etc., typesetting
Package tocloft Info: The document has chapter divisions on input line 51.
\cftparskip=\skip93
\cftbeforetoctitleskip=\skip94
\cftaftertoctitleskip=\skip95
\cftbeforepartskip=\skip96
\cftpartnumwidth=\skip97
\cftpartindent=\skip98
\cftbeforechapskip=\skip99
\cftchapindent=\skip100
\cftchapnumwidth=\skip101
\cftbeforesecskip=\skip102
\cftsecindent=\skip103
\cftsecnumwidth=\skip104
\cftbeforesubsecskip=\skip105
\cftsubsecindent=\skip106
\cftsubsecnumwidth=\skip107
\cftbeforesubsubsecskip=\skip108
\cftsubsubsecindent=\skip109
\cftsubsubsecnumwidth=\skip110
\cftbeforeparaskip=\skip111
\cftparaindent=\skip112
\cftparanumwidth=\skip113
\cftbeforesubparaskip=\skip114
\cftsubparaindent=\skip115
\cftsubparanumwidth=\skip116
\cftbeforeloftitleskip=\skip117
\cftafterloftitleskip=\skip118
\cftbeforefigskip=\skip119
\cftfigindent=\skip120
\cftfignumwidth=\skip121
\c@lofdepth=\count318
\c@lotdepth=\count319
\cftbeforelottitleskip=\skip122
\cftafterlottitleskip=\skip123
\cftbeforetabskip=\skip124
\cfttabindent=\skip125
\cfttabnumwidth=\skip126
)
\@indexfile=\write4
\openout4 = `refman.idx'.


Writing index file refman.idx
(/usr/share/texlive/texmf-dist/tex/latex/newunicodechar/newunicodechar.sty
Package: newunicodechar 2018/04/08 v1.2 Defining Unicode characters
)
(/usr/share/texlive/texmf-dist/tex/latex/hyperref/hyperref.sty
Package: hyperref 2021-06-07 v7.00m Hypertext links for LaTeX

(/usr/share/texlive/texmf-dist/tex/generic/ltxcmds/ltxcmds.sty
Package: ltxcmds 2020-05-10 v1.25 LaTeX kernel commands for general use (HO)
)
(/usr/share/texlive/texmf-dist/tex/generic/pdftexcmds/pdftexcmds.sty
Package: pdftexcmds 2020-06-27 v0.33 Utility functions of pdfTeX for LuaTeX (HO
)
Package pdftexcmds Info: \pdf@primitive is available.
Package pdftexcmds Info: \pdf@ifprimitive is available.
Package pdftexcmds Info: \pdfdraftmode not found.
)
(/usr/share/texlive/texmf-dist/tex/generic/kvsetkeys/kvsetkeys.sty
Package: kvsetkeys 2019/12/15 v1.18 Key value parser (HO)
)
(/usr/share/texlive/texmf-dist/tex/generic/kvdefinekeys/kvdefinekeys.sty
Package: kvdefinekeys 2019-12-19 v1.6 Define keys (HO)
)
(/usr/share/texlive/texmf-dist/tex/generic/pdfescape/pdfescape.sty
Package: pdfescape 2019/12/09 v1.15 Implements pdfTeX's escape features (HO)
)
(/usr/share/texlive/texmf-dist/tex/latex/hycolor/hycolor.sty
Package: hycolor 2020-01-27 v1.10 Color options for hyperref/bookmark (HO)
)
(/usr/share/texlive/texmf-dist/tex/latex/letltxmacro/letltxmacro.sty
Package: letltxmacro 2019/12/03 v1.6 Let assignment for LaTeX macros (HO)
)
(/usr/share/texlive/texmf-dist/tex/latex/auxhook/auxhook.sty
Package: auxhook 2019-12-17 v1.6 Hooks for auxiliary files (HO)
)
(/usr/share/texlive/texmf-dist/tex/latex/kvoptions/kvoptions.sty
Package: kvoptions 2020-10-07 v3.14 Key value format for package options (HO)
)
\@linkdim=\dimen196
\Hy@linkcounter=\count320
\Hy@pagecounter=\count321

(/usr/share/texlive/texmf-dist/tex/latex/hyperref/pd1enc.def
File: pd1enc.def 2021-06-07 v7.00m Hyperref: PDFDocEncoding definition (HO)
)
(/usr/share/texlive/texmf-dist/tex/latex/hyperref/hyperref-langpatches.def
File: hyperref-langpatches.def 2021-06-07 v7.00m Hyperref: patches for babel la
nguages
)
(/usr/share/texlive/texmf-dist/tex/generic/etexcmds/etexcmds.sty
Package: etexcmds 2019/12/15 v1.7 Avoid name clashes with e-TeX commands (HO)
)
\Hy@SavedSpaceFactor=\count322

(/usr/share/texlive/texmf-dist/tex/latex/hyperref/puenc.def
File: puenc.def 2021-06-07 v7.00m Hyperref: PDF Unicode definition (HO)
)
Package hyperref Info: Hyper figures OFF on input line 4192.
Package hyperref Info: Link nesting OFF on input line 4197.
Package hyperref Info: Hyper index ON on input line 4200.
Package hyperref Info: Plain pages OFF on input line 4207.
Package hyperref Info: Backreferencing ON on input line 4210.
Package hyperref Info: Implicit mode ON; LaTeX internals redefined.
Package hyperref Info: Bookmarks ON on input line 4445.

(/usr/share/texlive/texmf-dist/tex/latex/hyperref/backref.sty
Package: backref 2021/02/04 v1.41 Bibliographical back referencing

(/usr/share/texlive/texmf-dist/tex/latex/rerunfilecheck/rerunfilecheck.sty
Package: rerunfilecheck 2019/12/05 v1.9 Rerun checks for auxiliary files (HO)

(/usr/share/texlive/texmf-dist/tex/latex/base/atveryend-ltx.sty
Package: atveryend-ltx 2020/08/19 v1.0a Emulation of the original atveryend pac
kage
with kernel methods
)
(/usr/share/texlive/texmf-dist/tex/generic/uniquecounter/uniquecounter.sty
Package: uniquecounter 2019/12/15 v1.4 Provide unlimited unique counter (HO)

(/usr/share/texlive/texmf-dist/tex/generic/bigintcalc/bigintcalc.sty
Package: bigintcalc 2019/12/15 v1.5 Expandable calculations on big integers (HO
)
))
Package uniquecounter Info: New unique counter `rerunfilecheck' on input line 2
86.
))
\c@Hy@tempcnt=\count323

(/usr/share/texlive/texmf-dist/tex/latex/url/url.sty
\Urlmuskip=\muskip16
Package: url 2013/09/16  ver 3.4  Verb mode for urls, etc.
)
LaTeX Info: Redefining \url on input line 4804.
\XeTeXLinkMargin=\dimen197

(/usr/share/texlive/texmf-dist/tex/generic/bitset/bitset.sty
Package: bitset 2019/12/09 v1.3 Handle bit-vector datatype (HO)
)
\Fld@menulength=\count324
\Field@Width=\dimen198
\Fld@charsize=\dimen199
Package hyperref Info: Hyper figures OFF on input line 6076.
Package hyperref Info: Link nesting OFF on input line 6081.
Package hyperref Info: Hyper index ON on input line 6084.
Package hyperref Info: backreferencing ON on input line 6089.
Package hyperref Info: Link coloring OFF on input line 6096.
Package hyperref Info: Link coloring with OCG OFF on input line 6101.
Package hyperref Info: PDF/A mode OFF on input line 6106.
LaTeX Info: Redefining \ref on input line 6146.
LaTeX Info: Redefining \pageref on input line 6150.

(/usr/share/texlive/texmf-dist/tex/latex/base/atbegshi-ltx.sty
Package: atbegshi-ltx 2021/01/10 v1.0c Emulation of the original atbegshi
package with kernel methods
)
\Hy@abspage=\count325
\c@Item=\count326
\c@Hfootnote=\count327


LaTeX Warning: Command \LT@p@ftntext  has changed.
               Check if current package is valid.

)
Package hyperref Info: Driver (autodetected): hxetex.
 (/usr/share/texlive/texmf-dist/tex/latex/hyperref/hxetex.def
File: hxetex.def 2021-06-07 v7.00m Hyperref driver for XeTeX

(/usr/share/texlive/texmf-dist/tex/generic/stringenc/stringenc.sty
Package: stringenc 2019/11/29 v1.12 Convert strings between diff. encodings (HO
)
)
\pdfm@box=\box119
\c@Hy@AnnotLevel=\count328
\HyField@AnnotCount=\count329
\Fld@listcount=\count330
\c@bookmark@seq@number=\count331
\Hy@SectionHShift=\skip127
)
Package hyperref Info: Option `colorlinks' set `true' on input line 137.
Package hyperref Info: Option `unicode' set `true' on input line 137.

(/usr/share/texlive/texmf-dist/tex/latex/caption/caption.sty
Package: caption 2020/10/26 v3.5g Customizing captions (AR)

(/usr/share/texlive/texmf-dist/tex/latex/caption/caption3.sty
Package: caption3 2020/10/21 v2.2e caption3 kernel (AR)
\captionmargin=\dimen256
\captionmargin@=\dimen257
\captionwidth=\dimen258
\caption@tempdima=\dimen259
\caption@indent=\dimen260
\caption@parindent=\dimen261
\caption@hangindent=\dimen262
Package caption Info: Standard document class detected.
)
\c@caption@flags=\count332
\c@continuedfloat=\count333
Package caption Info: changepage package is loaded.
\caption@adjustwidth@hsize=\dimen263
\caption@adjustwidth@linewidth=\dimen264
Package caption Info: float package is loaded.
Package caption Info: hyperref package is loaded.
Package caption Info: longtable package is loaded.

(/usr/share/texlive/texmf-dist/tex/latex/caption/ltcaption.sty
Package: ltcaption 2020/05/30 v1.4b longtable captions (AR)
))
(/usr/share/texlive/texmf-dist/tex/latex/etoc/etoc.sty
Package: etoc 2021/09/23 v1.09e Completely customisable TOCs (JFB)
\Etoc@toctoks=\toks35
\c@etoc@tocid=\count334
\c@etoc@tocdepth=\count335
\etoc@framed@titlebox=\box120
\etoc@framed@contentsbox=\box121
)
LaTeX Font Info:    Trying to load font information for T1+phv on input line 15
3.

(/usr/share/texlive/texmf-dist/tex/latex/psnfss/t1phv.fd
File: t1phv.fd 2020/03/25 scalable font definitions for T1/phv.
)
LaTeX Font Info:    Font shape `T1/phv/m/n' will be
(Font)              scaled to size 8.99994pt on input line 153.

(/usr/share/texlive/texmf-dist/tex/latex/l3backend/l3backend-xetex.def
File: l3backend-xetex.def 2022-01-12 L3 backend support: XeTeX

(|extractbb --version)
\c__kernel_sys_dvipdfmx_version_int=\count336
\l__color_backend_stack_int=\count337
\g__color_backend_stack_int=\count338
\g__graphics_track_int=\count339
\l__pdf_internal_box=\box122
\g__pdf_backend_object_int=\count340
\g__pdf_backend_annotation_int=\count341
\g__pdf_backend_link_int=\count342
) (./refman.aux)
\openout1 = `refman.aux'.

LaTeX Font Info:    Checking defaults for OML/cmm/m/it on input line 153.
LaTeX Font Info:    ... okay on input line 153.
LaTeX Font Info:    Checking defaults for OMS/cmsy/m/n on input line 153.
LaTeX Font Info:    ... okay on input line 153.
LaTeX Font Info:    Checking defaults for OT1/cmr/m/n on input line 153.
LaTeX Font Info:    ... okay on input line 153.
LaTeX Font Info:    Checking defaults for T1/cmr/m/n on input line 153.
LaTeX Font Info:    ... okay on input line 153.
LaTeX Font Info:    Checking defaults for TS1/cmr/m/n on input line 153.
LaTeX Font Info:    Trying to load font information for TS1+cmr on input line 1
53.

(/usr/share/texlive/texmf-dist/tex/latex/base/ts1cmr.fd
File: ts1cmr.fd 2019/12/16 v2.5j Standard LaTeX font definitions
)
LaTeX Font Info:    ... okay on input line 153.
LaTeX Font Info:    Checking defaults for TU/lmr/m/n on input line 153.
LaTeX Font Info:    ... okay on input line 153.
LaTeX Font Info:    Checking defaults for OMX/cmex/m/n on input line 153.
LaTeX Font Info:    ... okay on input line 153.
LaTeX Font Info:    Checking defaults for U/cmr/m/n on input line 153.
LaTeX Font Info:    ... okay on input line 153.
LaTeX Font Info:    Checking defaults for PD1/pdf/m/n on input line 153.
LaTeX Font Info:    ... okay on input line 153.
LaTeX Font Info:    Checking defaults for PU/pdf/m/n on input line 153.
LaTeX Font Info:    ... okay on input line 153.

*geometry* driver: auto-detecting
*geometry* detected driver: xetex
*geometry* verbose mode - [ preamble ] result:
* driver: xetex
* paper: a4paper
* layout: <same size as paper>
* layoutoffset:(h,v)=(0.0pt,0.0pt)
* modes: twoside 
* h-part:(L,W,R)=(71.13188pt, 455.24411pt, 71.13188pt)
* v-part:(T,H,B)=(71.13188pt, 702.78308pt, 71.13188pt)
* \paperwidth=597.50787pt
* \paperheight=845.04684pt
* \textwidth=455.24411pt
* \textheight=702.78308pt
* \oddsidemargin=-1.1381pt
* \evensidemargin=-1.1381pt
* \topmargin=-31.2056pt
* \headheight=12.0pt
* \headsep=18.06749pt
* \topskip=10.0pt
* \footskip=25.29494pt
* \marginparwidth=125.0pt
* \marginparsep=7.0pt
* \columnsep=10.0pt
* \skip\footins=9.0pt plus 4.0pt minus 2.0pt
* \hoffset=0.0pt
* \voffset=0.0pt
* \mag=1000
* \@twocolumnfalse
* \@twosidetrue
* \@mparswitchtrue
* \@reversemarginfalse
* (1in=72.27pt=25.4mm, 1cm=28.453pt)

Package hyperref Info: Link coloring ON on input line 153.
(/usr/share/texlive/texmf-dist/tex/latex/hyperref/nameref.sty
Package: nameref 2021-04-02 v2.47 Cross-referencing by name of section

(/usr/share/texlive/texmf-dist/tex/latex/refcount/refcount.sty
Package: refcount 2019/12/15 v3.6 Data extraction from label references (HO)
)
(/usr/share/texlive/texmf-dist/tex/generic/gettitlestring/gettitlestring.sty
Package: gettitlestring 2019/12/15 v1.6 Cleanup title references (HO)
)
\c@section@level=\count343
)
LaTeX Info: Redefining \ref on input line 153.
LaTeX Info: Redefining \pageref on input line 153.
LaTeX Info: Redefining \nameref on input line 153.

(./refman.out) (./refman.out)
\@outlinefile=\write5
\openout5 = `refman.out'.

Package backref Info: ** backref set up for natbib ** on input line 153.
Package caption Info: Begin \AtBeginDocument code.
Package caption Info: End \AtBeginDocument code.
\Etoc@tf=\read4
Package hyperref Info: Option `pageanchor' set `false' on input line 161.
Package hyperref Info: Option `bookmarksnumbered' set `true' on input line 161.

LaTeX Font Info:    Font shape `T1/phv/m/n' will be
(Font)              scaled to size 12.9599pt on input line 166.
LaTeX Font Info:    Font shape `T1/phv/m/n' will be
(Font)              scaled to size 10.79993pt on input line 167.
LaTeX Font Info:    Font shape `T1/phv/m/n' will be
(Font)              scaled to size 6.29996pt on input line 167.
LaTeX Font Info:    Trying to load font information for U+msa on input line 167
.

(/usr/share/texlive/texmf-dist/tex/latex/amsfonts/umsa.fd
File: umsa.fd 2013/01/14 v3.01 AMS symbols A
)
LaTeX Font Info:    Trying to load font information for U+msb on input line 167
.

(/usr/share/texlive/texmf-dist/tex/latex/amsfonts/umsb.fd
File: umsb.fd 2013/01/14 v3.01 AMS symbols B
)
LaTeX Font Info:    Trying to load font information for U+wasy on input line 16
7.

(/usr/share/texlive/texmf-dist/tex/latex/wasysym/uwasy.fd
File: uwasy.fd 2020/01/19 v2.4 Wasy-2 symbol font definitions
) [1


] [2

]
\tf@toc=\write6
\openout6 = `refman.toc'.

LaTeX Font Info:    Font shape `T1/phv/b/n' will be
(Font)              scaled to size 8.99994pt on input line 175.
LaTeX Font Info:    Font shape `T1/phv/b/n' will be
(Font)              scaled to size 6.29996pt on input line 175.
 [1] [2]
[3] [4]
LaTeX Font Info:    Trying to load font information for T1+pcr on input line 17
5.
 (/usr/share/texlive/texmf-dist/tex/latex/psnfss/t1pcr.fd
File: t1pcr.fd 2001/06/04 font definitions for T1/pcr.
)
LaTeX Font Info:    Font shape `T1/phv/m/n' will be
(Font)              scaled to size 7.19995pt on input line 175.
 [5] [6]
[7] [8] [9] [10] [11] [12] [13] [14] [15] [16] [17] [18] [19] [20] [21]
[22] [23] [24

]
Package hyperref Info: Option `pageanchor' set `true' on input line 178.

Chapter 1.
LaTeX Font Info:    Font shape `T1/phv/m/n' will be
(Font)              scaled to size 18.66588pt on input line 180.
LaTeX Font Info:    Font shape `T1/phv/b/n' will be
(Font)              scaled to size 18.66588pt on input line 180.
LaTeX Font Info:    Font shape `T1/phv/bc/n' will be
(Font)              scaled to size 18.66588pt on input line 180.
LaTeX Font Info:    Font shape `T1/phv/m/n' will be
(Font)              scaled to size 22.39185pt on input line 180.
LaTeX Font Info:    Font shape `T1/phv/b/n' will be
(Font)              scaled to size 22.39185pt on input line 180.
LaTeX Font Info:    Font shape `T1/phv/bc/n' will be
(Font)              scaled to size 22.39185pt on input line 180.
LaTeX Font Info:    Font shape `T1/phv/bc/n' will be
(Font)              scaled to size 6.29996pt on input line 180.
(./md_README.tex) [1

] [2

]
Chapter 2.
(./namespaces.tex
LaTeX Font Info:    Font shape `T1/phv/b/n' will be
(Font)              scaled to size 12.9599pt on input line 1.
) [3] [4

]
Chapter 3.
(./hierarchy.tex [5]) [6]
Chapter 4.
(./annotated.tex [7

]) [8]
Chapter 5.
(./files.tex [9

]) [10]
Chapter 6.
(./namespaceconstants.tex
LaTeX Font Info:    Font shape `T1/phv/b/n' will be
(Font)              scaled to size 10.79993pt on input line 3.
LaTeX Font Info:    Trying to load font information for TS1+phv on input line 6
.

(/usr/share/texlive/texmf-dist/tex/latex/psnfss/ts1phv.fd
File: ts1phv.fd 2020/03/25 scalable font definitions for TS1/phv.
)
LaTeX Font Info:    Font shape `TS1/phv/m/n' will be
(Font)              scaled to size 8.99994pt on input line 6.
LaTeX Font Info:    Font shape `T1/pcr/m/it' in size <8> not available
(Font)              Font shape `T1/pcr/m/sl' tried instead on input line 55.
 [11

] [12])
(./namespaceconstants_1_1Arrow.tex) (./namespaceconstants_1_1ControlMenu.tex
[13] [14]) (./namespaceconstants_1_1Highlighter.tex)
(./namespaceconstants_1_1Highlighter_1_1DLL.tex [15])
(./namespaceconstants_1_1Highlighter_1_1SLL.tex)
(./namespaceconstants_1_1LinkedList.tex) (./namespaceconstants_1_1MenuArray.tex
[16]
Overfull \vbox (6.11533pt too high) has occurred while \output is active []


[17]) (./namespaceconstants_1_1MenuArray_1_1AddMode.tex [18])
(./namespaceconstants_1_1MenuArray_1_1AllocateMode.tex [19] [20])
(./namespaceconstants_1_1MenuArray_1_1CreateMode.tex [21])
(./namespaceconstants_1_1MenuArray_1_1DeleteMode.tex [22] [23])
(./namespaceconstants_1_1MenuArray_1_1SearchMode.tex
Overfull \vbox (16.13092pt too high) has occurred while \output is active []


[24]) (./namespaceconstants_1_1MenuArray_1_1UpdateMode.tex [25])
(./namespaceconstants_1_1MenuDataStructure.tex [26] [27])
(./namespaceconstants_1_1MenuDataStructure_1_1CreateMode.tex [28]
Overfull \hbox (23.6921pt too wide) in paragraph at lines 85--86
\T1/pcr/m/n/8 constexpr char constants[]::[]Menu[]Data[]Structure[]::[]Create[]
Mode[]::[]BUTTON[]_[][]NAMES[][][][]50[] [constexpr] 
 []

[29]) (./namespaceconstants_1_1MenuDataStructure_1_1PushMode.tex [30])
(./namespaceconstants_1_1MenuLinkedList.tex [31] [32])
(./namespaceconstants_1_1MenuLinkedList_1_1AddMode.tex [33])
(./namespaceconstants_1_1MenuLinkedList_1_1CreateMode.tex [34] [35])
(./namespaceconstants_1_1MenuLinkedList_1_1DeleteMode.tex [36]
Overfull \hbox (18.89209pt too wide) in paragraph at lines 77--78
\T1/pcr/m/n/8 constexpr char constants[]::[]Menu[]Linked[]List[]::[]Delete[]Mod
e[]::[]TEXTBOX[]_[][]NAME[]50[] = "Position = " [constexpr] 
 []

) (./namespaceconstants_1_1MenuLinkedList_1_1SearchMode.tex [37])
(./namespaceconstants_1_1MenuLinkedList_1_1UpdateMode.tex [38])
(./namespaceconstants_1_1NodeInfo.tex)
(./namespaceconstants_1_1sceneVariables.tex
Overfull \hbox (85.16437pt too wide) in paragraph at lines 6--17
[] \T1/phv/m/n/10 , [] , [] , []
 []

[39] [40]) (./namespaceconstants_1_1Square.tex)
(./namespaceconstants_1_1TitleNode.tex) (./namespacepfd.tex [41] [42] [43])
(./namespacepfd_1_1internal.tex [44]) (./namespaceRandom.tex)
(./namespacesf.tex
LaTeX Font Info:    Font shape `T1/phv/m/n' will be
(Font)              scaled to size 8.09995pt on input line 7.
LaTeX Font Info:    Font shape `T1/phv/m/it' in size <9> not available
(Font)              Font shape `T1/phv/m/sl' tried instead on input line 7.
LaTeX Font Info:    Font shape `T1/phv/m/sl' will be
(Font)              scaled to size 8.09995pt on input line 7.
) [45] [46

]
Chapter 7.
(./classArray.tex
File: classArray.pdf Graphic file (type pdf)
<use classArray.pdf>
 [47]
LaTeX Font Info:    Font shape `T1/phv/b/n' will be
(Font)              scaled to size 7.19995pt on input line 128.
LaTeX Font Info:    Font shape `T1/pcr/m/it' in size <7> not available
(Font)              Font shape `T1/pcr/m/sl' tried instead on input line 129.
 [48] [49] [50] [51] [52] [53] [54] [55])
(./classArrow.tex
File: classArrow.pdf Graphic file (type pdf)
<use classArrow.pdf>
 [56] [57] [58] [59] [60]) (./classBackArrow.tex
File: classBackArrow.pdf Graphic file (type pdf)
<use classBackArrow.pdf>
 [61] [62]
[63] [64]) (./classBaseDraw.tex [65]
File: classBaseDraw.pdf Graphic file (type pdf)
<use classBaseDraw.pdf>
 [66]) (./classBaseScene.tex
File: classBaseScene.pdf Graphic file (type pdf)
<use classBaseScene.pdf>
 [67] [68]
[69]) (./classButton.tex [70] [71] [72]) (./classCLLScene.tex
File: classCLLScene.pdf Graphic file (type pdf)
<use classCLLScene.pdf>
 [73] [74]
[75] [76] [77] [78] [79] [80] [81]) (./classControlMenu.tex [82] [83] [84]
[85]) (./classCustomTextbox.tex [86] [87] [88])
(./classpfd_1_1internal_1_1dialog.tex
File: classpfd_1_1internal_1_1dialog.pdf Graphic file (type pdf)
<use classpfd_1_1internal_1_1dialog.pdf>
 [89] [90] [91] [92]) (./classDLLScene.tex
File: classDLLScene.pdf Graphic file (type pdf)
<use classDLLScene.pdf>
[93] [94] [95] [96] [97] [98] [99] [100] [101] [102] [103] [104])
(./classDynamicArrayScene.tex
File: classDynamicArrayScene.pdf Graphic file (type pdf)
<use classDynamicArrayScene.pdf>
 [105] [106] [107] [108] [109] [110] [111]
[112] [113]) (./classEventAnimation.tex [114] [115] [116])
(./structEventSquare.tex [117] [118]) (./classpfd_1_1internal_1_1executor.tex
[119]
Missing character: There is no ’ ("2019) in font pcrr8t!
[120] [121]
Missing character: There is no ’ ("2019) in font pcrr8t!
) (./classpfd_1_1internal_1_1file__dialog.tex [122]
File: classpfd_1_1internal_1_1file__dialog.pdf Graphic file (type pdf)
<use classpfd_1_1internal_1_1file__dialog.pdf>
 [123] [124] [125] [126]
[127] [128]) (./classHighlighter.tex [129] [130]) (./classLinkedList.tex
[131] [132] [133] [134] [135] [136] [137] [138] [139] [140])
(./classMainMenu.tex
File: classMainMenu.pdf Graphic file (type pdf)
<use classMainMenu.pdf>
 [141] [142]) (./classMenuArray.tex [143] [144] [145]
[146]) (./classMenuDataStructure.tex [147] [148] [149] [150]
Overfull \hbox (34.3562pt too wide) in paragraph at lines 251--252
\T1/pcr/m/n/8 std[]::string Menu[]Data[]Structure[]::create[]Mode[]Value[][][] 

 []

) (./classMenuLinkedList.tex [151] [152] [153] [154] [155] [156] [157] [158]
[159] [160] [161] [162] [163]
Underfull \hbox (badness 10000) in paragraph at lines 1007--1008
[]$\OMS/cmsy/m/n/8 ^^C$ \T1/pcr/m/n/8 Menu[]Linked[]List[]::add[]Textbox[][][]
 []

[164]
Underfull \hbox (badness 10000) in paragraph at lines 1097--1098
[]$\OMS/cmsy/m/n/8 ^^C$ \T1/pcr/m/n/8 Menu[]Linked[]List[]::sub[]Create[]Mode[]
[][]
 []

[165]) (./classpfd_1_1message.tex
File: classpfd_1_1message.pdf Graphic file (type pdf)
<use classpfd_1_1message.pdf>

Underfull \hbox (badness 824) in paragraph at lines 16--18
[][] \T1/phv/m/n/10 (std[]::string const &ti-tle, std[]::string const &text, []
 []_[]choice=[], [] []_[]
 []

[166] [167]
Missing character: There is no ⚠ ("26A0) in font pcrr8t!
Missing character: There is no ️ ("FE0F) in font pcrr8t!
Missing character: There is no ⛔ ("26D4) in font pcrr8t!
Missing character: There is no ❓ ("2753) in font pcrr8t!
Missing character: There is no ℹ ("2139) in font pcrr8t!
[168]
Missing character: There is no “ ("201C) in font pcrr8t!
Missing character: There is no ” ("201D) in font pcrr8t!
Missing character: There is no “ ("201C) in font pcrr8t!
Missing character: There is no ” ("201D) in font pcrr8t!
[169] [170]) (./classMousePosition.tex
File: classMousePosition.pdf Graphic file (type pdf)
<use classMousePosition.pdf>
 [171]) (./classNodeInfo.tex
File: classNodeInfo.pdf Graphic file (type pdf)
<use classNodeInfo.pdf>
 [172]
[173] [174] [175] [176] [177] [178] [179] [180] [181])
(./classpfd_1_1notify.tex
File: classpfd_1_1notify.pdf Graphic file (type pdf)
<use classpfd_1_1notify.pdf>
 [182] [183] [184]) (./classpfd_1_1open__file.tex
File: classpfd_1_1open__file.pdf Graphic file (type pdf)
<use classpfd_1_1open__file.pdf>

[185] [186] [187]) (./classpfd_1_1path.tex
File: classpfd_1_1path.pdf Graphic file (type pdf)
<use classpfd_1_1path.pdf>
 [188])
(./classpfd_1_1internal_1_1platform.tex
File: classpfd_1_1internal_1_1platform.pdf Graphic file (type pdf)
<use classpfd_1_1internal_1_1platform.pdf>
 [189]) (./classQueueScene.tex
File: classQueueScene.pdf Graphic file (type pdf)
<use classQueueScene.pdf>
 [190]
[191] [192] [193] [194] [195] [196]) (./classsf_1_1RoundedRectangleShape.tex
File: classsf_1_1RoundedRectangleShape.pdf Graphic file (type pdf)
<use classsf_1_1RoundedRectangleShape.pdf>

[197]
Underfull \hbox (badness 10000) detected at line 57
[][][]
 []

[198]
Underfull \hbox (badness 10000) detected at line 113
[][][]
 []


Underfull \hbox (badness 10000) detected at line 116
[][][]
 []


Underfull \hbox (badness 10000) detected at line 147
[][][]
 []

[199]
Underfull \hbox (badness 10000) detected at line 188
[][][]
 []


Underfull \hbox (badness 10000) detected at line 212
[][][]
 []


Underfull \hbox (badness 10000) detected at line 215
[][][]
 []

[200]
Underfull \hbox (badness 10000) detected at line 244
[][][]
 []


Underfull \hbox (badness 10000) detected at line 274
[][][]
 []

[201]
Underfull \hbox (badness 10000) detected at line 304
[][][]
 []

) (./classpfd_1_1save__file.tex
File: classpfd_1_1save__file.pdf Graphic file (type pdf)
<use classpfd_1_1save__file.pdf>
 [202] [203]) (./classpfd_1_1select__folder.tex
File: classpfd_1_1select__folder.pdf Graphic file (type pdf)
<use classpfd_1_1select__folder.pdf>

[204] [205] [206]) (./classpfd_1_1settings.tex
File: classpfd_1_1settings.pdf Graphic file (type pdf)
<use classpfd_1_1settings.pdf>
 [207] [208] [209] [210])
(./classSingleNode.tex
File: classSingleNode.pdf Graphic file (type pdf)
<use classSingleNode.pdf>
 [211] [212] [213]) (./classSLLScene.tex [214]
File: classSLLScene.pdf Graphic file (type pdf)
<use classSLLScene.pdf>
 [215]
[216] [217] [218] [219] [220] [221] [222] [223]) (./classSquare.tex
File: classSquare.pdf Graphic file (type pdf)
<use classSquare.pdf>
 [224]
[225] [226]) (./classSquareInfo.tex
File: classSquareInfo.pdf Graphic file (type pdf)
<use classSquareInfo.pdf>
 [227] [228] [229] [230])
(./classStackScene.tex
File: classStackScene.pdf Graphic file (type pdf)
<use classStackScene.pdf>
 [231] [232] [233] [234] [235] [236] [237] [238])
(./classStaticArrayScene.tex
File: classStaticArrayScene.pdf Graphic file (type pdf)
<use classStaticArrayScene.pdf>
 [239] [240] [241] [242] [243] [244])
(./classTextBox.tex [245] [246] [247]) (./classVector.tex [248] [249] [250]
[251] [252] [253] [254]) (./classWindow.tex
File: classWindow.pdf Graphic file (type pdf)
<use classWindow.pdf>
 [255] [256] [257]) [258]
Chapter 8.
(./Constants_8hpp.tex
Underfull \hbox (badness 10000) in paragraph at lines 3--4

 []


Overfull \hbox (76.27919pt too wide) in paragraph at lines 64--76
\T1/phv/m/n/10 , [] , []
 []


Overfull \hbox (144.29999pt too wide) in paragraph at lines 64--76
[] \T1/phv/m/n/10 , [] , []
 []

[259

]
Overfull \hbox (72.97682pt too wide) in paragraph at lines 80--91
[] \T1/phv/m/n/10 , [] , []
 []


Overfull \hbox (51.43095pt too wide) in paragraph at lines 80--91
[] \T1/phv/m/n/10 , [] , []
 []


Overfull \hbox (39.55981pt too wide) in paragraph at lines 91--97
\T1/phv/m/n/10 , [] , []
 []


Overfull \hbox (18.01047pt too wide) in paragraph at lines 106--111
[]\T1/phv/m/n/10 enum [] { []
 []


Underfull \hbox (badness 8075) in paragraph at lines 119--128
[] \T1/phv/m/n/10 , [] ,
 []


Overfull \hbox (70.71294pt too wide) in paragraph at lines 128--134
[]\T1/phv/m/n/10 enum [] { []
 []


Overfull \hbox (108.58795pt too wide) in paragraph at lines 128--134
\T1/phv/m/n/10 , [] , []
 []


Overfull \hbox (55.80945pt too wide) in paragraph at lines 134--138
[]\T1/phv/m/n/10 enum [] { []
 []


Overfull \hbox (130.5667pt too wide) in paragraph at lines 138--148
[] \T1/phv/m/n/10 , [] , []
 []


Overfull \hbox (40.07805pt too wide) in paragraph at lines 148--154
[]\T1/phv/m/n/10 enum [] { []
 []


Overfull \hbox (77.95306pt too wide) in paragraph at lines 148--154
\T1/phv/m/n/10 , [] , []
 []


Overfull \hbox (30.39423pt too wide) in paragraph at lines 154--159
[]\T1/phv/m/n/10 enum [] { []
 []


Overfull \hbox (50.39182pt too wide) in paragraph at lines 159--163
[]\T1/phv/m/n/10 enum [] { []
 []


Overfull \hbox (56.40372pt too wide) in paragraph at lines 163--168
[]\T1/phv/m/n/10 enum [] { []
 []


Overfull \hbox (17.60886pt too wide) in paragraph at lines 163--168
\T1/phv/m/n/10 , [] , []
 []


Overfull \hbox (41.17624pt too wide) in paragraph at lines 168--172
[]\T1/phv/m/n/10 enum [] { []
 []


Underfull \hbox (badness 1005) in paragraph at lines 172--181
[] \T1/phv/m/n/10 , [] , [] ,
 []

[260] [261]) (./Constants_8hpp_source.tex [262] [263] [264] [265] [266])
(./Array_8cpp.tex) (./Array_8cpp_source.tex [267] [268] [269] [270])
(./Array_8hpp.tex
Underfull \hbox (badness 10000) in paragraph at lines 3--9

 []

) (./Array_8hpp_source.tex [271]) (./EventAnimation_8cpp.tex)
(./EventAnimation_8cpp_source.tex [272]) (./EventAnimation_8hpp.tex
Underfull \hbox (badness 10000) in paragraph at lines 3--5

 []

) (./EventAnimation_8hpp_source.tex [273]) (./FileDialog_8h.tex
Underfull \hbox (badness 10000) in paragraph at lines 3--19

 []

[274] [275]) (./FileDialog_8h_source.tex
Missing character: There is no – ("2013) in font pcrr8t!
[276]
Missing character: There is no … ("2026) in font pcrr8t!
[277] [278] [279] [280] [281] [282]
Missing character: There is no “ ("201C) in font pcrr8t!
Missing character: There is no ” ("201D) in font pcrr8t!
[283]
Missing character: There is no ’ ("2019) in font pcrr8t!
[284]
Missing character: There is no ’ ("2019) in font pcrr8t!
[285] [286]
Missing character: There is no “ ("201C) in font pcrr8t!
Missing character: There is no ” ("201D) in font pcrr8t!
Missing character: There is no ’ ("2019) in font pcrr8t!
Missing character: There is no “ ("201C) in font pcrr8t!
Missing character: There is no ” ("201D) in font pcrr8t!
[287] [288] [289] [290] [291]
Missing character: There is no “ ("201C) in font pcrr8t!
Missing character: There is no ” ("201D) in font pcrr8t!
[292] [293] [294]
Missing character: There is no ⚠ ("26A0) in font pcrr8t!
Missing character: There is no ️ ("FE0F) in font pcrr8t!
Missing character: There is no ⛔ ("26D4) in font pcrr8t!
Missing character: There is no ❓ ("2753) in font pcrr8t!
Missing character: There is no ℹ ("2139) in font pcrr8t!
[295]
Missing character: There is no “ ("201C) in font pcrr8t!
Missing character: There is no ” ("201D) in font pcrr8t!
Missing character: There is no “ ("201C) in font pcrr8t!
Missing character: There is no ” ("201D) in font pcrr8t!
[296] [297]) (./LinkedList_8cpp.tex) (./LinkedList_8cpp_source.tex [298]
[299] [300] [301] [302]) (./LinkedList_8hpp.tex
Underfull \hbox (badness 10000) in paragraph at lines 3--10

 []

) (./LinkedList_8hpp_source.tex [303]) (./Random_8h.tex
Underfull \hbox (badness 10000) in paragraph at lines 3--4

 []

) (./Random_8h_source.tex [304]) (./Vector_8h.tex) (./Vector_8h_source.tex
[305] [306] [307]) (./Arrow_8cpp.tex) (./Arrow_8cpp_source.tex [308])
(./Arrow_8hpp.tex [309]
Underfull \hbox (badness 10000) in paragraph at lines 3--7

 []

) (./Arrow_8hpp_source.tex) (./BackArrow_8cpp.tex) (./BackArrow_8cpp_source.tex
[310] [311]) (./BackArrow_8hpp.tex
Underfull \hbox (badness 10000) in paragraph at lines 3--5

 []

) (./BackArrow_8hpp_source.tex [312]) (./BaseDraw_8cpp.tex)
(./BaseDraw_8cpp_source.tex) (./BaseDraw_8hpp.tex
Underfull \hbox (badness 10000) in paragraph at lines 3--4

 []

) (./BaseDraw_8hpp_source.tex [313]) (./NodeInfo_8cpp.tex)
(./NodeInfo_8cpp_source.tex [314] [315] [316]) (./NodeInfo_8hpp.tex
Underfull \hbox (badness 10000) in paragraph at lines 3--6

 []

) (./NodeInfo_8hpp_source.tex [317]) (./SingleNode_8cpp.tex)
(./SingleNode_8cpp_source.tex [318]) (./SingleNode_8hpp.tex
Underfull \hbox (badness 10000) in paragraph at lines 3--6

 []

) (./SingleNode_8hpp_source.tex [319]) (./Square_8cpp.tex)
(./Square_8cpp_source.tex [320]) (./Square_8hpp.tex
Underfull \hbox (badness 10000) in paragraph at lines 3--5

 []

) (./Square_8hpp_source.tex [321]) (./SquareInfo_8cpp.tex)
(./SquareInfo_8cpp_source.tex [322]) (./SquareInfo_8hpp.tex
Underfull \hbox (badness 10000) in paragraph at lines 3--4

 []

) (./SquareInfo_8hpp_source.tex) (./AllScenes_8hpp.tex)
(./AllScenes_8hpp_source.tex [323]) (./BaseScene_8cpp.tex)
(./BaseScene_8cpp_source.tex [324]) (./BaseScene_8hpp.tex
Underfull \hbox (badness 10000) in paragraph at lines 3--6

 []

) (./BaseScene_8hpp_source.tex) (./CLLScene_8cpp.tex)
(./CLLScene_8cpp_source.tex [325] [326] [327] [328] [329] [330] [331])
(./CLLScene_8hpp.tex
Underfull \hbox (badness 10000) in paragraph at lines 3--6

 []

) (./CLLScene_8hpp_source.tex [332]) (./ControlMenu_8cpp.tex)
(./ControlMenu_8cpp_source.tex [333]) (./ControlMenu_8hpp.tex
Underfull \hbox (badness 10000) in paragraph at lines 3--7

 []

[334]) (./ControlMenu_8hpp_source.tex) (./DLLScene_8cpp.tex)
(./DLLScene_8cpp_source.tex [335] [336] [337] [338] [339] [340] [341] [342]
[343] [344]) (./DLLScene_8hpp.tex
Underfull \hbox (badness 10000) in paragraph at lines 3--6

 []

) (./DLLScene_8hpp_source.tex) (./DynamicArrayScene_8cpp.tex)
(./DynamicArrayScene_8cpp_source.tex [345] [346] [347] [348] [349] [350])
(./DynamicArrayScene_8hpp.tex
Underfull \hbox (badness 10000) in paragraph at lines 3--6

 []

[351]) (./DynamicArrayScene_8hpp_source.tex) (./Highlighter_8cpp.tex)
(./Highlighter_8cpp_source.tex [352]) (./Highlighter_8hpp.tex
Underfull \hbox (badness 10000) in paragraph at lines 3--5

 []

) (./Highlighter_8hpp_source.tex [353]) (./MainMenu_8cpp.tex)
(./MainMenu_8cpp_source.tex) (./MainMenu_8hpp.tex
Underfull \hbox (badness 10000) in paragraph at lines 3--4

 []

[354]) (./MainMenu_8hpp_source.tex) (./MenuArray_8cpp.tex)
(./MenuArray_8cpp_source.tex [355] [356] [357] [358] [359] [360])
(./MenuArray_8hpp.tex
Underfull \hbox (badness 10000) in paragraph at lines 3--8

 []

) (./MenuArray_8hpp_source.tex [361]) (./MenuDataStructure_8cpp.tex)
(./MenuDataStructure_8cpp_source.tex [362] [363] [364])
(./MenuDataStructure_8hpp.tex
Underfull \hbox (badness 10000) in paragraph at lines 3--8

 []

[365]) (./MenuDataStructure_8hpp_source.tex) (./MenuLinkedList_8cpp.tex)
(./MenuLinkedList_8cpp_source.tex [366] [367] [368] [369] [370] [371])
(./MenuLinkedList_8hpp.tex
Underfull \hbox (badness 10000) in paragraph at lines 3--10

 []

) (./MenuLinkedList_8hpp_source.tex [372]) (./QueueScene_8cpp.tex)
(./QueueScene_8cpp_source.tex [373] [374] [375] [376] [377])
(./QueueScene_8hpp.tex
Underfull \hbox (badness 10000) in paragraph at lines 3--6

 []

) (./QueueScene_8hpp_source.tex [378]) (./SLLScene_8cpp.tex)
(./SLLScene_8cpp_source.tex [379] [380] [381] [382] [383] [384])
(./SLLScene_8hpp.tex
Underfull \hbox (badness 10000) in paragraph at lines 3--6

 []

) (./SLLScene_8hpp_source.tex [385]) (./StackScene_8cpp.tex)
(./StackScene_8cpp_source.tex [386] [387] [388] [389] [390])
(./StackScene_8hpp.tex
Underfull \hbox (badness 10000) in paragraph at lines 3--6

 []

) (./StackScene_8hpp_source.tex) (./StaticArrayScene_8cpp.tex)
(./StaticArrayScene_8cpp_source.tex [391] [392] [393] [394] [395])
(./StaticArrayScene_8hpp.tex
Underfull \hbox (badness 10000) in paragraph at lines 3--6

 []

) (./StaticArrayScene_8hpp_source.tex) (./MousePosition_8cpp.tex)
(./MousePosition_8cpp_source.tex [396]) (./MousePosition_8hpp.tex
Underfull \hbox (badness 10000) in paragraph at lines 3--4

 []

) (./MousePosition_8hpp_source.tex) (./button_8cpp.tex)
(./button_8cpp_source.tex [397] [398]) (./button_8hpp.tex
Underfull \hbox (badness 10000) in paragraph at lines 3--6

 []

) (./button_8hpp_source.tex [399]) (./CustomTextbox_8cpp.tex)
(./CustomTextbox_8cpp_source.tex [400]) (./CustomTextbox_8hpp.tex
Underfull \hbox (badness 10000) in paragraph at lines 3--5

 []

) (./CustomTextbox_8hpp_source.tex [401]) (./RoundedRectangleShape_8cpp.tex
Underfull \hbox (badness 10000) in paragraph at lines 3--5

 []

) (./RoundedRectangleShape_8cpp_source.tex [402])
(./RoundedRectangleShape_8hpp.tex
Underfull \hbox (badness 10000) in paragraph at lines 3--4

 []

) (./RoundedRectangleShape_8hpp_source.tex [403]) (./Textbox_8cpp.tex)
(./Textbox_8cpp_source.tex [404] [405]) (./Textbox_8hpp.tex
Underfull \hbox (badness 10000) in paragraph at lines 3--7

 []

) (./Textbox_8hpp_source.tex) (./ToStringWithPrecision_8hpp.tex
Underfull \hbox (badness 10000) in paragraph at lines 3--4

 []

[406]) (./ToStringWithPrecision_8hpp_source.tex) (./Window_8cpp.tex)
(./Window_8cpp_source.tex [407] [408]) (./Window_8hpp.tex
Underfull \hbox (badness 10000) in paragraph at lines 3--9

 []

[409]) (./Window_8hpp_source.tex) (./main_8cpp.tex
Underfull \hbox (badness 10000) in paragraph at lines 3--4

 []

[410]) (./main_8cpp_source.tex) (./README_8md.tex) [411] [412

] (./refman.ind
[413


] [414] [415] [416] [417] [418] [419] [420] [421] [422] [423] [424]
[425] [426] [427] [428

]) (./refman.aux)
Package rerunfilecheck Info: File `refman.out' has not changed.
(rerunfilecheck)             Checksum: 94FC413116CA0EBB55CCF289C4F6BA8C;201889.

 ) 
Here is how much of TeX's memory you used:
 20207 strings out of 478158
 377322 string characters out of 5853402
 1118965 words of memory out of 5000000
 39864 multiletter control sequences out of 15000+600000
 520307 words of font info for 94 fonts, out of 8000000 for 9000
 14 hyphenation exceptions out of 8191
 99i,16n,117p,948b,632s stack positions out of 5000i,500n,10000p,200000b,80000s

Output written on refman.pdf (454 pages).
